<?xml version="1.0" encoding="UTF-8" ?>
<testsuites>
  <testsuite errors="0" failures="0" hostname="C9X-110-1223L" id="0" name="PostIntegrationSpec" package="com.grailsinaction" skipped="0" tests="5" time="0.936" timestamp="2015-10-22T06:33:09">
      <properties />

      <testcase classname="com.grailsinaction.PostIntegrationSpec" name="Adding posts to user links post to user" time="0.128" />

      <testcase classname="com.grailsinaction.PostIntegrationSpec" name="Ensure posts linked to a user can be retrieved" time="0.174" />

      <testcase classname="com.grailsinaction.PostIntegrationSpec" name="Exercise tagging several posts with various tags" time="0.175" />

      <testcase classname="com.grailsinaction.PostIntegrationSpec" name="Ensure a user can follow other users" time="0.081" />

      <testcase classname="com.grailsinaction.PostIntegrationSpec" name="we can’t call Tag.addToPosts" time="0.375" />

      <system-out><![CDATA[--Output from Adding posts to user links post to user--
--Output from Ensure posts linked to a user can be retrieved--
--Output from Exercise tagging several posts with various tags--
--Output from Ensure a user can follow other users--
--Output from we can’t call Tag.addToPosts--
]]></system-out>

      <system-err><![CDATA[--Output from Adding posts to user links post to user--
--Output from Ensure posts linked to a user can be retrieved--
--Output from Exercise tagging several posts with various tags--
--Output from Ensure a user can follow other users--
--Output from we can’t call Tag.addToPosts--
]]></system-err>

  </testsuite>
  <testsuite errors="0" failures="0" hostname="C9X-110-1223L" id="1" name="QueryIntegrationSpec" package="com.grailsinaction" skipped="0" tests="5" time="0.769" timestamp="2015-10-22T06:33:08">
      <properties />

      <testcase classname="com.grailsinaction.QueryIntegrationSpec" name="Simple property comparison" time="0.29" />

      <testcase classname="com.grailsinaction.QueryIntegrationSpec" name="Multiple criteria" time="0.084" />

      <testcase classname="com.grailsinaction.QueryIntegrationSpec" name="Query on association" time="0.216" />

      <testcase classname="com.grailsinaction.QueryIntegrationSpec" name="Query against a range value" time="0.091" />

      <testcase classname="com.grailsinaction.QueryIntegrationSpec" name="Retrieve a single instance" time="0.055" />

      <system-out><![CDATA[--Output from Simple property comparison--
--Output from Multiple criteria--
--Output from Query on association--
--Output from Query against a range value--
--Output from Retrieve a single instance--
]]></system-out>

      <system-err><![CDATA[--Output from Simple property comparison--
--Output from Multiple criteria--
--Output from Query on association--
--Output from Query against a range value--
--Output from Retrieve a single instance--
]]></system-err>

  </testsuite>
  <testsuite errors="0" failures="0" hostname="C9X-110-1223L" id="2" name="UserIntegrationSpec" package="com.grailsinaction" skipped="0" tests="5" time="2.112" timestamp="2015-10-22T06:33:06">
      <properties />

      <testcase classname="com.grailsinaction.UserIntegrationSpec" name="Saving our first user to the database" time="1.121" />

      <testcase classname="com.grailsinaction.UserIntegrationSpec" name="Updating a saved user changes its properties" time="0.102" />

      <testcase classname="com.grailsinaction.UserIntegrationSpec" name="Deleting an existing user removes it from the database" time="0.597" />

      <testcase classname="com.grailsinaction.UserIntegrationSpec" name="Saving a user with invalid properties causes an error" time="0.128" />

      <testcase classname="com.grailsinaction.UserIntegrationSpec" name="Recovering from a failed save by fixing invalid properties" time="0.095" />

      <system-out><![CDATA[--Output from Saving our first user to the database--
--Output from Updating a saved user changes its properties--
--Output from Deleting an existing user removes it from the database--
--Output from Saving a user with invalid properties causes an error--
--Output from Recovering from a failed save by fixing invalid properties--
]]></system-out>

      <system-err><![CDATA[--Output from Saving our first user to the database--
--Output from Updating a saved user changes its properties--
--Output from Deleting an existing user removes it from the database--
--Output from Saving a user with invalid properties causes an error--
--Output from Recovering from a failed save by fixing invalid properties--
]]></system-err>

  </testsuite>
</testsuites>
