<?xml version="1.0" encoding="UTF-8" ?>
<testsuites>
  <testsuite errors="0" failures="0" hostname="igor-Inspiron-5423" id="0" name="PostControllerSpec" package="com.grailsinaction" skipped="0" tests="2" time="7.899" timestamp="2015-10-22T19:42:02">
      <properties />

      <testcase classname="com.grailsinaction.PostControllerSpec" name="Get a users timeline given their id" time="7.669" />

      <testcase classname="com.grailsinaction.PostControllerSpec" name="Check that non-existent users are handled with an error" time="0.099" />

      <system-out><![CDATA[--Output from Get a users timeline given their id--
--Output from Check that non-existent users are handled with an error--
]]></system-out>

      <system-err><![CDATA[--Output from Get a users timeline given their id--
--Output from Check that non-existent users are handled with an error--
]]></system-err>

  </testsuite>
</testsuites>
