<?xml version="1.0" encoding="UTF-8" ?>
<testsuites>
  <testsuite errors="0" failures="0" hostname="igor-Inspiron-5423" id="0" name="PostControllerSpec" package="com.grailsinaction" skipped="0" tests="6" time="8.257" timestamp="2015-10-23T19:44:00">
      <properties />

      <testcase classname="com.grailsinaction.PostControllerSpec" name="Get a users timeline given their id" time="7.57" />

      <testcase classname="com.grailsinaction.PostControllerSpec" name="Check that non-existent users are handled with an error" time="0.112" />

      <testcase classname="com.grailsinaction.PostControllerSpec" name="Adding a valid new post to the timeline" time="0.196" />

      <testcase classname="com.grailsinaction.PostControllerSpec" name="Adding an invalid new post to the timeline" time="0.1" />

      <testcase classname="com.grailsinaction.PostControllerSpec" name="Testing id of joe_cool redirects to /post/timeline/joe_cool" time="0.076" />

      <testcase classname="com.grailsinaction.PostControllerSpec" name="Testing id of null redirects to /post/timeline/chuck_norris" time="0.059" />

      <system-out><![CDATA[--Output from Get a users timeline given their id--
--Output from Check that non-existent users are handled with an error--
--Output from Adding a valid new post to the timeline--
--Output from Adding an invalid new post to the timeline--
--Output from Testing id of joe_cool redirects to /post/timeline/joe_cool--
--Output from Testing id of null redirects to /post/timeline/chuck_norris--
]]></system-out>

      <system-err><![CDATA[--Output from Get a users timeline given their id--
--Output from Check that non-existent users are handled with an error--
--Output from Adding a valid new post to the timeline--
--Output from Adding an invalid new post to the timeline--
--Output from Testing id of joe_cool redirects to /post/timeline/joe_cool--
--Output from Testing id of null redirects to /post/timeline/chuck_norris--
]]></system-err>

  </testsuite>
</testsuites>
