<?xml version="1.0" encoding="UTF-8" ?>
<testsuites>
  <testsuite errors="0" failures="1" hostname="C9X-110-1223L" id="0" name="PostIntegrationSpec" package="com.grailsinaction" skipped="0" tests="5" time="0.577" timestamp="2015-10-20T11:45:44">
      <properties />

      <testcase classname="com.grailsinaction.PostIntegrationSpec" name="Adding posts to user links post to user" time="0.113" />

      <testcase classname="com.grailsinaction.PostIntegrationSpec" name="Ensure posts linked to a user can be retrieved" time="0.074" />

      <testcase classname="com.grailsinaction.PostIntegrationSpec" name="Exercise tagging several posts with various tags" time="0.149" />

      <testcase classname="com.grailsinaction.PostIntegrationSpec" name="Ensure a user can follow other users" time="0.109" />

      <testcase classname="com.grailsinaction.PostIntegrationSpec" name="we can’t call Tag.addToPosts" time="0.128">
          <failure message="Condition not satisfied:&#xa;&#xa;tagMy.posts.collect {it.content} == [&apos;Igorn post&apos;]&#xa;|     |     |                    |&#xa;|     |     [Igor post]          false&#xa;|     [com.grailsinaction.Post : 41]&#xa;com.grailsinaction.Tag : 30&#xa;" type="junit.framework.AssertionFailedError">junit.framework.AssertionFailedError: Condition not satisfied:

tagMy.posts.collect {it.content} == [&apos;Igorn post&apos;]
|     |     |                    |
|     |     [Igor post]          false
|     [com.grailsinaction.Post : 41]
com.grailsinaction.Tag : 30

	at com.grailsinaction.PostIntegrationSpec.we can’t call Tag.addToPosts(PostIntegrationSpec.groovy:99)
</failure>

      </testcase>

      <system-out><![CDATA[--Output from Adding posts to user links post to user--
--Output from Ensure posts linked to a user can be retrieved--
--Output from Exercise tagging several posts with various tags--
--Output from Ensure a user can follow other users--
--Output from we can’t call Tag.addToPosts--
]]></system-out>

      <system-err><![CDATA[--Output from Adding posts to user links post to user--
--Output from Ensure posts linked to a user can be retrieved--
--Output from Exercise tagging several posts with various tags--
--Output from Ensure a user can follow other users--
--Output from we can’t call Tag.addToPosts--
]]></system-err>

  </testsuite>
  <testsuite errors="0" failures="0" hostname="C9X-110-1223L" id="1" name="UserIntegrationSpec" package="com.grailsinaction" skipped="0" tests="5" time="0.821" timestamp="2015-10-20T11:45:43">
      <properties />

      <testcase classname="com.grailsinaction.UserIntegrationSpec" name="Saving our first user to the database" time="0.487" />

      <testcase classname="com.grailsinaction.UserIntegrationSpec" name="Updating a saved user changes its properties" time="0.117" />

      <testcase classname="com.grailsinaction.UserIntegrationSpec" name="Deleting an existing user removes it from the database" time="0.091" />

      <testcase classname="com.grailsinaction.UserIntegrationSpec" name="Saving a user with invalid properties causes an error" time="0.044" />

      <testcase classname="com.grailsinaction.UserIntegrationSpec" name="Recovering from a failed save by fixing invalid properties" time="0.044" />

      <system-out><![CDATA[--Output from Saving our first user to the database--
--Output from Updating a saved user changes its properties--
--Output from Deleting an existing user removes it from the database--
--Output from Saving a user with invalid properties causes an error--
--Output from Recovering from a failed save by fixing invalid properties--
]]></system-out>

      <system-err><![CDATA[--Output from Saving our first user to the database--
--Output from Updating a saved user changes its properties--
--Output from Deleting an existing user removes it from the database--
--Output from Saving a user with invalid properties causes an error--
--Output from Recovering from a failed save by fixing invalid properties--
]]></system-err>

  </testsuite>
</testsuites>
