<?xml version="1.0" encoding="UTF-8" ?>
<testsuites>
  <testsuite errors="0" failures="0" hostname="igor-Inspiron-5423" id="0" name="PostIntegrationSpec" package="com.grailsinaction" skipped="0" tests="4" time="0.305" timestamp="2015-10-19T20:54:47">
      <properties />

      <testcase classname="com.grailsinaction.PostIntegrationSpec" name="Adding posts to user links post to user" time="0.06" />

      <testcase classname="com.grailsinaction.PostIntegrationSpec" name="Ensure posts linked to a user can be retrieved" time="0.086" />

      <testcase classname="com.grailsinaction.PostIntegrationSpec" name="Exercise tagging several posts with various tags" time="0.089" />

      <testcase classname="com.grailsinaction.PostIntegrationSpec" name="Ensure a user can follow other users" time="0.065" />

      <system-out><![CDATA[--Output from Adding posts to user links post to user--
--Output from Ensure posts linked to a user can be retrieved--
--Output from Exercise tagging several posts with various tags--
--Output from Ensure a user can follow other users--
]]></system-out>

      <system-err><![CDATA[--Output from Adding posts to user links post to user--
--Output from Ensure posts linked to a user can be retrieved--
--Output from Exercise tagging several posts with various tags--
--Output from Ensure a user can follow other users--
]]></system-err>

  </testsuite>
  <testsuite errors="0" failures="0" hostname="igor-Inspiron-5423" id="1" name="UserIntegrationSpec" package="com.grailsinaction" skipped="0" tests="5" time="2.075" timestamp="2015-10-19T20:54:45">
      <properties />

      <testcase classname="com.grailsinaction.UserIntegrationSpec" name="Saving our first user to the database" time="1.745" />

      <testcase classname="com.grailsinaction.UserIntegrationSpec" name="Updating a saved user changes its properties" time="0.064" />

      <testcase classname="com.grailsinaction.UserIntegrationSpec" name="Deleting an existing user removes it from the database" time="0.125" />

      <testcase classname="com.grailsinaction.UserIntegrationSpec" name="Saving a user with invalid properties causes an error" time="0.055" />

      <testcase classname="com.grailsinaction.UserIntegrationSpec" name="Recovering from a failed save by fixing invalid properties" time="0.056" />

      <system-out><![CDATA[--Output from Saving our first user to the database--
--Output from Updating a saved user changes its properties--
--Output from Deleting an existing user removes it from the database--
--Output from Saving a user with invalid properties causes an error--
--Output from Recovering from a failed save by fixing invalid properties--
]]></system-out>

      <system-err><![CDATA[--Output from Saving our first user to the database--
--Output from Updating a saved user changes its properties--
--Output from Deleting an existing user removes it from the database--
--Output from Saving a user with invalid properties causes an error--
--Output from Recovering from a failed save by fixing invalid properties--
]]></system-err>

  </testsuite>
</testsuites>
